<?xml version="1.0" encoding="UTF-8"?>
<testsuite xmlns:xsi="http://www.w3.org/2001/XMLSchema-instance" xsi:noNamespaceSchemaLocation="https://maven.apache.org/surefire/maven-surefire-plugin/xsd/surefire-test-report.xsd" name="demo.simultan.documentation.DemoApplicationTests" time="8.686" tests="3" errors="0" skipped="0" failures="0">
  <properties>
    <property name="gopherProxySet" value="false"/>
    <property name="awt.toolkit" value="sun.lwawt.macosx.LWCToolkit"/>
    <property name="java.specification.version" value="11"/>
    <property name="sun.cpu.isalist" value=""/>
    <property name="sun.jnu.encoding" value="UTF-8"/>
    <property name="java.class.path" value="/Users/yonathan/Documents/myProject/DEMO-SIMULTAN-DOCUMENTATION/target/test-classes:/Users/yonathan/Documents/myProject/DEMO-SIMULTAN-DOCUMENTATION/target/classes:/Users/yonathan/.m2/repository/org/springframework/boot/spring-boot-starter/2.3.7.RELEASE/spring-boot-starter-2.3.7.RELEASE.jar:/Users/yonathan/.m2/repository/org/springframework/boot/spring-boot/2.3.7.RELEASE/spring-boot-2.3.7.RELEASE.jar:/Users/yonathan/.m2/repository/org/springframework/spring-context/5.2.12.RELEASE/spring-context-5.2.12.RELEASE.jar:/Users/yonathan/.m2/repository/org/springframework/spring-aop/5.2.12.RELEASE/spring-aop-5.2.12.RELEASE.jar:/Users/yonathan/.m2/repository/org/springframework/spring-expression/5.2.12.RELEASE/spring-expression-5.2.12.RELEASE.jar:/Users/yonathan/.m2/repository/org/springframework/boot/spring-boot-starter-logging/2.3.7.RELEASE/spring-boot-starter-logging-2.3.7.RELEASE.jar:/Users/yonathan/.m2/repository/ch/qos/logback/logback-classic/1.2.3/logback-classic-1.2.3.jar:/Users/yonathan/.m2/repository/ch/qos/logback/logback-core/1.2.3/logback-core-1.2.3.jar:/Users/yonathan/.m2/repository/org/apache/logging/log4j/log4j-to-slf4j/2.13.3/log4j-to-slf4j-2.13.3.jar:/Users/yonathan/.m2/repository/org/apache/logging/log4j/log4j-api/2.13.3/log4j-api-2.13.3.jar:/Users/yonathan/.m2/repository/org/slf4j/jul-to-slf4j/1.7.30/jul-to-slf4j-1.7.30.jar:/Users/yonathan/.m2/repository/jakarta/annotation/jakarta.annotation-api/1.3.5/jakarta.annotation-api-1.3.5.jar:/Users/yonathan/.m2/repository/org/springframework/spring-core/5.2.12.RELEASE/spring-core-5.2.12.RELEASE.jar:/Users/yonathan/.m2/repository/org/springframework/spring-jcl/5.2.12.RELEASE/spring-jcl-5.2.12.RELEASE.jar:/Users/yonathan/.m2/repository/org/yaml/snakeyaml/1.26/snakeyaml-1.26.jar:/Users/yonathan/.m2/repository/org/springframework/boot/spring-boot-starter-webflux/2.3.7.RELEASE/spring-boot-starter-webflux-2.3.7.RELEASE.jar:/Users/yonathan/.m2/repository/org/springframework/boot/spring-boot-starter-json/2.3.7.RELEASE/spring-boot-starter-json-2.3.7.RELEASE.jar:/Users/yonathan/.m2/repository/com/fasterxml/jackson/datatype/jackson-datatype-jdk8/2.11.3/jackson-datatype-jdk8-2.11.3.jar:/Users/yonathan/.m2/repository/com/fasterxml/jackson/datatype/jackson-datatype-jsr310/2.11.3/jackson-datatype-jsr310-2.11.3.jar:/Users/yonathan/.m2/repository/com/fasterxml/jackson/module/jackson-module-parameter-names/2.11.3/jackson-module-parameter-names-2.11.3.jar:/Users/yonathan/.m2/repository/org/springframework/boot/spring-boot-starter-reactor-netty/2.3.7.RELEASE/spring-boot-starter-reactor-netty-2.3.7.RELEASE.jar:/Users/yonathan/.m2/repository/io/projectreactor/netty/reactor-netty/0.9.15.RELEASE/reactor-netty-0.9.15.RELEASE.jar:/Users/yonathan/.m2/repository/io/netty/netty-codec-http/4.1.55.Final/netty-codec-http-4.1.55.Final.jar:/Users/yonathan/.m2/repository/io/netty/netty-common/4.1.55.Final/netty-common-4.1.55.Final.jar:/Users/yonathan/.m2/repository/io/netty/netty-buffer/4.1.55.Final/netty-buffer-4.1.55.Final.jar:/Users/yonathan/.m2/repository/io/netty/netty-transport/4.1.55.Final/netty-transport-4.1.55.Final.jar:/Users/yonathan/.m2/repository/io/netty/netty-codec/4.1.55.Final/netty-codec-4.1.55.Final.jar:/Users/yonathan/.m2/repository/io/netty/netty-codec-http2/4.1.55.Final/netty-codec-http2-4.1.55.Final.jar:/Users/yonathan/.m2/repository/io/netty/netty-handler/4.1.55.Final/netty-handler-4.1.55.Final.jar:/Users/yonathan/.m2/repository/io/netty/netty-resolver/4.1.55.Final/netty-resolver-4.1.55.Final.jar:/Users/yonathan/.m2/repository/io/netty/netty-handler-proxy/4.1.55.Final/netty-handler-proxy-4.1.55.Final.jar:/Users/yonathan/.m2/repository/io/netty/netty-codec-socks/4.1.55.Final/netty-codec-socks-4.1.55.Final.jar:/Users/yonathan/.m2/repository/io/netty/netty-transport-native-epoll/4.1.55.Final/netty-transport-native-epoll-4.1.55.Final-linux-x86_64.jar:/Users/yonathan/.m2/repository/io/netty/netty-transport-native-unix-common/4.1.55.Final/netty-transport-native-unix-common-4.1.55.Final.jar:/Users/yonathan/.m2/repository/org/springframework/spring-web/5.2.12.RELEASE/spring-web-5.2.12.RELEASE.jar:/Users/yonathan/.m2/repository/org/springframework/spring-beans/5.2.12.RELEASE/spring-beans-5.2.12.RELEASE.jar:/Users/yonathan/.m2/repository/org/springframework/spring-webflux/5.2.12.RELEASE/spring-webflux-5.2.12.RELEASE.jar:/Users/yonathan/.m2/repository/io/projectreactor/reactor-core/3.3.12.RELEASE/reactor-core-3.3.12.RELEASE.jar:/Users/yonathan/.m2/repository/org/reactivestreams/reactive-streams/1.0.3/reactive-streams-1.0.3.jar:/Users/yonathan/.m2/repository/org/synchronoss/cloud/nio-multipart-parser/1.1.0/nio-multipart-parser-1.1.0.jar:/Users/yonathan/.m2/repository/org/slf4j/slf4j-api/1.7.30/slf4j-api-1.7.30.jar:/Users/yonathan/.m2/repository/org/synchronoss/cloud/nio-stream-storage/1.1.3/nio-stream-storage-1.1.3.jar:/Users/yonathan/.m2/repository/org/springframework/boot/spring-boot-starter-test/2.3.7.RELEASE/spring-boot-starter-test-2.3.7.RELEASE.jar:/Users/yonathan/.m2/repository/org/springframework/boot/spring-boot-test/2.3.7.RELEASE/spring-boot-test-2.3.7.RELEASE.jar:/Users/yonathan/.m2/repository/org/springframework/boot/spring-boot-test-autoconfigure/2.3.7.RELEASE/spring-boot-test-autoconfigure-2.3.7.RELEASE.jar:/Users/yonathan/.m2/repository/com/jayway/jsonpath/json-path/2.4.0/json-path-2.4.0.jar:/Users/yonathan/.m2/repository/net/minidev/json-smart/2.3/json-smart-2.3.jar:/Users/yonathan/.m2/repository/net/minidev/accessors-smart/1.2/accessors-smart-1.2.jar:/Users/yonathan/.m2/repository/org/ow2/asm/asm/5.0.4/asm-5.0.4.jar:/Users/yonathan/.m2/repository/jakarta/xml/bind/jakarta.xml.bind-api/2.3.3/jakarta.xml.bind-api-2.3.3.jar:/Users/yonathan/.m2/repository/jakarta/activation/jakarta.activation-api/1.2.2/jakarta.activation-api-1.2.2.jar:/Users/yonathan/.m2/repository/org/assertj/assertj-core/3.16.1/assertj-core-3.16.1.jar:/Users/yonathan/.m2/repository/org/hamcrest/hamcrest/2.2/hamcrest-2.2.jar:/Users/yonathan/.m2/repository/org/junit/jupiter/junit-jupiter/5.6.3/junit-jupiter-5.6.3.jar:/Users/yonathan/.m2/repository/org/junit/jupiter/junit-jupiter-api/5.6.3/junit-jupiter-api-5.6.3.jar:/Users/yonathan/.m2/repository/org/opentest4j/opentest4j/1.2.0/opentest4j-1.2.0.jar:/Users/yonathan/.m2/repository/org/junit/platform/junit-platform-commons/1.6.3/junit-platform-commons-1.6.3.jar:/Users/yonathan/.m2/repository/org/junit/jupiter/junit-jupiter-params/5.6.3/junit-jupiter-params-5.6.3.jar:/Users/yonathan/.m2/repository/org/junit/jupiter/junit-jupiter-engine/5.6.3/junit-jupiter-engine-5.6.3.jar:/Users/yonathan/.m2/repository/org/junit/vintage/junit-vintage-engine/5.6.3/junit-vintage-engine-5.6.3.jar:/Users/yonathan/.m2/repository/org/apiguardian/apiguardian-api/1.1.0/apiguardian-api-1.1.0.jar:/Users/yonathan/.m2/repository/org/junit/platform/junit-platform-engine/1.6.3/junit-platform-engine-1.6.3.jar:/Users/yonathan/.m2/repository/junit/junit/4.13.1/junit-4.13.1.jar:/Users/yonathan/.m2/repository/org/mockito/mockito-core/3.3.3/mockito-core-3.3.3.jar:/Users/yonathan/.m2/repository/net/bytebuddy/byte-buddy/1.10.18/byte-buddy-1.10.18.jar:/Users/yonathan/.m2/repository/net/bytebuddy/byte-buddy-agent/1.10.18/byte-buddy-agent-1.10.18.jar:/Users/yonathan/.m2/repository/org/objenesis/objenesis/2.6/objenesis-2.6.jar:/Users/yonathan/.m2/repository/org/mockito/mockito-junit-jupiter/3.3.3/mockito-junit-jupiter-3.3.3.jar:/Users/yonathan/.m2/repository/org/skyscreamer/jsonassert/1.5.0/jsonassert-1.5.0.jar:/Users/yonathan/.m2/repository/com/vaadin/external/google/android-json/0.0.20131108.vaadin1/android-json-0.0.20131108.vaadin1.jar:/Users/yonathan/.m2/repository/org/springframework/spring-test/5.2.12.RELEASE/spring-test-5.2.12.RELEASE.jar:/Users/yonathan/.m2/repository/org/xmlunit/xmlunit-core/2.7.0/xmlunit-core-2.7.0.jar:/Users/yonathan/.m2/repository/org/springframework/boot/spring-boot-autoconfigure/2.3.7.RELEASE/spring-boot-autoconfigure-2.3.7.RELEASE.jar:/Users/yonathan/.m2/repository/org/projectlombok/lombok/1.18.20/lombok-1.18.20.jar:/Users/yonathan/.m2/repository/org/springframework/restdocs/spring-restdocs-core/2.0.5.RELEASE/spring-restdocs-core-2.0.5.RELEASE.jar:/Users/yonathan/.m2/repository/com/fasterxml/jackson/core/jackson-databind/2.11.3/jackson-databind-2.11.3.jar:/Users/yonathan/.m2/repository/com/fasterxml/jackson/core/jackson-annotations/2.11.3/jackson-annotations-2.11.3.jar:/Users/yonathan/.m2/repository/com/fasterxml/jackson/core/jackson-core/2.11.3/jackson-core-2.11.3.jar:/Users/yonathan/.m2/repository/org/springframework/restdocs/spring-restdocs-webtestclient/2.0.5.RELEASE/spring-restdocs-webtestclient-2.0.5.RELEASE.jar:"/>
    <property name="java.vm.vendor" value="AdoptOpenJDK"/>
    <property name="sun.arch.data.model" value="64"/>
    <property name="java.vendor.url" value="https://adoptopenjdk.net/"/>
    <property name="user.timezone" value=""/>
    <property name="java.vm.specification.version" value="11"/>
    <property name="os.name" value="Mac OS X"/>
    <property name="sun.java.launcher" value="SUN_STANDARD"/>
    <property name="user.country" value="ID"/>
    <property name="sun.boot.library.path" value="/Users/yonathan/.sdkman/candidates/java/11.0.11.hs-adpt/lib"/>
    <property name="sun.java.command" value="/Users/yonathan/Documents/myProject/DEMO-SIMULTAN-DOCUMENTATION/target/surefire/surefirebooter9459772597125066876.jar /Users/yonathan/Documents/myProject/DEMO-SIMULTAN-DOCUMENTATION/target/surefire 2021-07-16T16-52-20_621-jvmRun1 surefire3285470218344698192tmp surefire_012489358704950063670tmp"/>
    <property name="http.nonProxyHosts" value="local|*.local|169.254/16|*.169.254/16"/>
    <property name="jdk.debug" value="release"/>
    <property name="surefire.test.class.path" value="/Users/yonathan/Documents/myProject/DEMO-SIMULTAN-DOCUMENTATION/target/test-classes:/Users/yonathan/Documents/myProject/DEMO-SIMULTAN-DOCUMENTATION/target/classes:/Users/yonathan/.m2/repository/org/springframework/boot/spring-boot-starter/2.3.7.RELEASE/spring-boot-starter-2.3.7.RELEASE.jar:/Users/yonathan/.m2/repository/org/springframework/boot/spring-boot/2.3.7.RELEASE/spring-boot-2.3.7.RELEASE.jar:/Users/yonathan/.m2/repository/org/springframework/spring-context/5.2.12.RELEASE/spring-context-5.2.12.RELEASE.jar:/Users/yonathan/.m2/repository/org/springframework/spring-aop/5.2.12.RELEASE/spring-aop-5.2.12.RELEASE.jar:/Users/yonathan/.m2/repository/org/springframework/spring-expression/5.2.12.RELEASE/spring-expression-5.2.12.RELEASE.jar:/Users/yonathan/.m2/repository/org/springframework/boot/spring-boot-starter-logging/2.3.7.RELEASE/spring-boot-starter-logging-2.3.7.RELEASE.jar:/Users/yonathan/.m2/repository/ch/qos/logback/logback-classic/1.2.3/logback-classic-1.2.3.jar:/Users/yonathan/.m2/repository/ch/qos/logback/logback-core/1.2.3/logback-core-1.2.3.jar:/Users/yonathan/.m2/repository/org/apache/logging/log4j/log4j-to-slf4j/2.13.3/log4j-to-slf4j-2.13.3.jar:/Users/yonathan/.m2/repository/org/apache/logging/log4j/log4j-api/2.13.3/log4j-api-2.13.3.jar:/Users/yonathan/.m2/repository/org/slf4j/jul-to-slf4j/1.7.30/jul-to-slf4j-1.7.30.jar:/Users/yonathan/.m2/repository/jakarta/annotation/jakarta.annotation-api/1.3.5/jakarta.annotation-api-1.3.5.jar:/Users/yonathan/.m2/repository/org/springframework/spring-core/5.2.12.RELEASE/spring-core-5.2.12.RELEASE.jar:/Users/yonathan/.m2/repository/org/springframework/spring-jcl/5.2.12.RELEASE/spring-jcl-5.2.12.RELEASE.jar:/Users/yonathan/.m2/repository/org/yaml/snakeyaml/1.26/snakeyaml-1.26.jar:/Users/yonathan/.m2/repository/org/springframework/boot/spring-boot-starter-webflux/2.3.7.RELEASE/spring-boot-starter-webflux-2.3.7.RELEASE.jar:/Users/yonathan/.m2/repository/org/springframework/boot/spring-boot-starter-json/2.3.7.RELEASE/spring-boot-starter-json-2.3.7.RELEASE.jar:/Users/yonathan/.m2/repository/com/fasterxml/jackson/datatype/jackson-datatype-jdk8/2.11.3/jackson-datatype-jdk8-2.11.3.jar:/Users/yonathan/.m2/repository/com/fasterxml/jackson/datatype/jackson-datatype-jsr310/2.11.3/jackson-datatype-jsr310-2.11.3.jar:/Users/yonathan/.m2/repository/com/fasterxml/jackson/module/jackson-module-parameter-names/2.11.3/jackson-module-parameter-names-2.11.3.jar:/Users/yonathan/.m2/repository/org/springframework/boot/spring-boot-starter-reactor-netty/2.3.7.RELEASE/spring-boot-starter-reactor-netty-2.3.7.RELEASE.jar:/Users/yonathan/.m2/repository/io/projectreactor/netty/reactor-netty/0.9.15.RELEASE/reactor-netty-0.9.15.RELEASE.jar:/Users/yonathan/.m2/repository/io/netty/netty-codec-http/4.1.55.Final/netty-codec-http-4.1.55.Final.jar:/Users/yonathan/.m2/repository/io/netty/netty-common/4.1.55.Final/netty-common-4.1.55.Final.jar:/Users/yonathan/.m2/repository/io/netty/netty-buffer/4.1.55.Final/netty-buffer-4.1.55.Final.jar:/Users/yonathan/.m2/repository/io/netty/netty-transport/4.1.55.Final/netty-transport-4.1.55.Final.jar:/Users/yonathan/.m2/repository/io/netty/netty-codec/4.1.55.Final/netty-codec-4.1.55.Final.jar:/Users/yonathan/.m2/repository/io/netty/netty-codec-http2/4.1.55.Final/netty-codec-http2-4.1.55.Final.jar:/Users/yonathan/.m2/repository/io/netty/netty-handler/4.1.55.Final/netty-handler-4.1.55.Final.jar:/Users/yonathan/.m2/repository/io/netty/netty-resolver/4.1.55.Final/netty-resolver-4.1.55.Final.jar:/Users/yonathan/.m2/repository/io/netty/netty-handler-proxy/4.1.55.Final/netty-handler-proxy-4.1.55.Final.jar:/Users/yonathan/.m2/repository/io/netty/netty-codec-socks/4.1.55.Final/netty-codec-socks-4.1.55.Final.jar:/Users/yonathan/.m2/repository/io/netty/netty-transport-native-epoll/4.1.55.Final/netty-transport-native-epoll-4.1.55.Final-linux-x86_64.jar:/Users/yonathan/.m2/repository/io/netty/netty-transport-native-unix-common/4.1.55.Final/netty-transport-native-unix-common-4.1.55.Final.jar:/Users/yonathan/.m2/repository/org/springframework/spring-web/5.2.12.RELEASE/spring-web-5.2.12.RELEASE.jar:/Users/yonathan/.m2/repository/org/springframework/spring-beans/5.2.12.RELEASE/spring-beans-5.2.12.RELEASE.jar:/Users/yonathan/.m2/repository/org/springframework/spring-webflux/5.2.12.RELEASE/spring-webflux-5.2.12.RELEASE.jar:/Users/yonathan/.m2/repository/io/projectreactor/reactor-core/3.3.12.RELEASE/reactor-core-3.3.12.RELEASE.jar:/Users/yonathan/.m2/repository/org/reactivestreams/reactive-streams/1.0.3/reactive-streams-1.0.3.jar:/Users/yonathan/.m2/repository/org/synchronoss/cloud/nio-multipart-parser/1.1.0/nio-multipart-parser-1.1.0.jar:/Users/yonathan/.m2/repository/org/slf4j/slf4j-api/1.7.30/slf4j-api-1.7.30.jar:/Users/yonathan/.m2/repository/org/synchronoss/cloud/nio-stream-storage/1.1.3/nio-stream-storage-1.1.3.jar:/Users/yonathan/.m2/repository/org/springframework/boot/spring-boot-starter-test/2.3.7.RELEASE/spring-boot-starter-test-2.3.7.RELEASE.jar:/Users/yonathan/.m2/repository/org/springframework/boot/spring-boot-test/2.3.7.RELEASE/spring-boot-test-2.3.7.RELEASE.jar:/Users/yonathan/.m2/repository/org/springframework/boot/spring-boot-test-autoconfigure/2.3.7.RELEASE/spring-boot-test-autoconfigure-2.3.7.RELEASE.jar:/Users/yonathan/.m2/repository/com/jayway/jsonpath/json-path/2.4.0/json-path-2.4.0.jar:/Users/yonathan/.m2/repository/net/minidev/json-smart/2.3/json-smart-2.3.jar:/Users/yonathan/.m2/repository/net/minidev/accessors-smart/1.2/accessors-smart-1.2.jar:/Users/yonathan/.m2/repository/org/ow2/asm/asm/5.0.4/asm-5.0.4.jar:/Users/yonathan/.m2/repository/jakarta/xml/bind/jakarta.xml.bind-api/2.3.3/jakarta.xml.bind-api-2.3.3.jar:/Users/yonathan/.m2/repository/jakarta/activation/jakarta.activation-api/1.2.2/jakarta.activation-api-1.2.2.jar:/Users/yonathan/.m2/repository/org/assertj/assertj-core/3.16.1/assertj-core-3.16.1.jar:/Users/yonathan/.m2/repository/org/hamcrest/hamcrest/2.2/hamcrest-2.2.jar:/Users/yonathan/.m2/repository/org/junit/jupiter/junit-jupiter/5.6.3/junit-jupiter-5.6.3.jar:/Users/yonathan/.m2/repository/org/junit/jupiter/junit-jupiter-api/5.6.3/junit-jupiter-api-5.6.3.jar:/Users/yonathan/.m2/repository/org/opentest4j/opentest4j/1.2.0/opentest4j-1.2.0.jar:/Users/yonathan/.m2/repository/org/junit/platform/junit-platform-commons/1.6.3/junit-platform-commons-1.6.3.jar:/Users/yonathan/.m2/repository/org/junit/jupiter/junit-jupiter-params/5.6.3/junit-jupiter-params-5.6.3.jar:/Users/yonathan/.m2/repository/org/junit/jupiter/junit-jupiter-engine/5.6.3/junit-jupiter-engine-5.6.3.jar:/Users/yonathan/.m2/repository/org/junit/vintage/junit-vintage-engine/5.6.3/junit-vintage-engine-5.6.3.jar:/Users/yonathan/.m2/repository/org/apiguardian/apiguardian-api/1.1.0/apiguardian-api-1.1.0.jar:/Users/yonathan/.m2/repository/org/junit/platform/junit-platform-engine/1.6.3/junit-platform-engine-1.6.3.jar:/Users/yonathan/.m2/repository/junit/junit/4.13.1/junit-4.13.1.jar:/Users/yonathan/.m2/repository/org/mockito/mockito-core/3.3.3/mockito-core-3.3.3.jar:/Users/yonathan/.m2/repository/net/bytebuddy/byte-buddy/1.10.18/byte-buddy-1.10.18.jar:/Users/yonathan/.m2/repository/net/bytebuddy/byte-buddy-agent/1.10.18/byte-buddy-agent-1.10.18.jar:/Users/yonathan/.m2/repository/org/objenesis/objenesis/2.6/objenesis-2.6.jar:/Users/yonathan/.m2/repository/org/mockito/mockito-junit-jupiter/3.3.3/mockito-junit-jupiter-3.3.3.jar:/Users/yonathan/.m2/repository/org/skyscreamer/jsonassert/1.5.0/jsonassert-1.5.0.jar:/Users/yonathan/.m2/repository/com/vaadin/external/google/android-json/0.0.20131108.vaadin1/android-json-0.0.20131108.vaadin1.jar:/Users/yonathan/.m2/repository/org/springframework/spring-test/5.2.12.RELEASE/spring-test-5.2.12.RELEASE.jar:/Users/yonathan/.m2/repository/org/xmlunit/xmlunit-core/2.7.0/xmlunit-core-2.7.0.jar:/Users/yonathan/.m2/repository/org/springframework/boot/spring-boot-autoconfigure/2.3.7.RELEASE/spring-boot-autoconfigure-2.3.7.RELEASE.jar:/Users/yonathan/.m2/repository/org/projectlombok/lombok/1.18.20/lombok-1.18.20.jar:/Users/yonathan/.m2/repository/org/springframework/restdocs/spring-restdocs-core/2.0.5.RELEASE/spring-restdocs-core-2.0.5.RELEASE.jar:/Users/yonathan/.m2/repository/com/fasterxml/jackson/core/jackson-databind/2.11.3/jackson-databind-2.11.3.jar:/Users/yonathan/.m2/repository/com/fasterxml/jackson/core/jackson-annotations/2.11.3/jackson-annotations-2.11.3.jar:/Users/yonathan/.m2/repository/com/fasterxml/jackson/core/jackson-core/2.11.3/jackson-core-2.11.3.jar:/Users/yonathan/.m2/repository/org/springframework/restdocs/spring-restdocs-webtestclient/2.0.5.RELEASE/spring-restdocs-webtestclient-2.0.5.RELEASE.jar:"/>
    <property name="sun.cpu.endian" value="little"/>
    <property name="user.home" value="/Users/yonathan"/>
    <property name="user.language" value="en"/>
    <property name="java.specification.vendor" value="Oracle Corporation"/>
    <property name="java.version.date" value="2021-04-20"/>
    <property name="java.home" value="/Users/yonathan/.sdkman/candidates/java/11.0.11.hs-adpt"/>
    <property name="file.separator" value="/"/>
    <property name="basedir" value="/Users/yonathan/Documents/myProject/DEMO-SIMULTAN-DOCUMENTATION"/>
    <property name="java.vm.compressedOopsMode" value="Zero based"/>
    <property name="line.separator" value="&#10;"/>
    <property name="java.specification.name" value="Java Platform API Specification"/>
    <property name="java.vm.specification.vendor" value="Oracle Corporation"/>
    <property name="java.awt.graphicsenv" value="sun.awt.CGraphicsEnvironment"/>
    <property name="surefire.real.class.path" value="/Users/yonathan/Documents/myProject/DEMO-SIMULTAN-DOCUMENTATION/target/surefire/surefirebooter9459772597125066876.jar"/>
    <property name="sun.management.compiler" value="HotSpot 64-Bit Tiered Compilers"/>
    <property name="ftp.nonProxyHosts" value="local|*.local|169.254/16|*.169.254/16"/>
    <property name="java.runtime.version" value="11.0.11+9"/>
    <property name="user.name" value="yonathan"/>
    <property name="path.separator" value=":"/>
    <property name="os.version" value="11.4"/>
    <property name="java.runtime.name" value="OpenJDK Runtime Environment"/>
    <property name="file.encoding" value="UTF-8"/>
    <property name="java.vm.name" value="OpenJDK 64-Bit Server VM"/>
    <property name="java.vendor.version" value="AdoptOpenJDK-11.0.11+9"/>
    <property name="localRepository" value="/Users/yonathan/.m2/repository"/>
    <property name="java.vendor.url.bug" value="https://github.com/AdoptOpenJDK/openjdk-support/issues"/>
    <property name="java.io.tmpdir" value="/var/folders/08/1bcsrjln3hx_02752dgc1zwh0000gq/T/"/>
    <property name="java.version" value="11.0.11"/>
    <property name="user.dir" value="/Users/yonathan/Documents/myProject/DEMO-SIMULTAN-DOCUMENTATION"/>
    <property name="os.arch" value="x86_64"/>
    <property name="java.vm.specification.name" value="Java Virtual Machine Specification"/>
    <property name="java.awt.printerjob" value="sun.lwawt.macosx.CPrinterJob"/>
    <property name="sun.os.patch.level" value="unknown"/>
    <property name="java.library.path" value="/Users/yonathan/Library/Java/Extensions:/Library/Java/Extensions:/Network/Library/Java/Extensions:/System/Library/Java/Extensions:/usr/lib/java:."/>
    <property name="java.vm.info" value="mixed mode"/>
    <property name="java.vendor" value="AdoptOpenJDK"/>
    <property name="java.vm.version" value="11.0.11+9"/>
    <property name="sun.io.unicode.encoding" value="UnicodeBig"/>
    <property name="java.class.version" value="55.0"/>
    <property name="socksNonProxyHosts" value="local|*.local|169.254/16|*.169.254/16"/>
  </properties>
  <testcase name="whenGetDocs_thenShouldSuccess" classname="demo.simultan.documentation.DemoApplicationTests" time="0.449"/>
  <testcase name="whenGetDocs_thenShouldBadRequest" classname="demo.simultan.documentation.DemoApplicationTests" time="0.018"/>
  <testcase name="whenGetDocs_thenShouldSystemError" classname="demo.simultan.documentation.DemoApplicationTests" time="0.019"/>
</testsuite>